[{"line":1,"elements":[{"start_timestamp":"2022-12-14T04:11:36.184Z","before":[{"result":{"duration":7939000000,"status":"passed"},"match":{"location":"com.aarong.hooks.Hooks.initialize()"}}],"line":3,"name":"User is select the country","description":"","id":"user-is-able-to-clicks;user-is-select-the-country","after":[{"result":{"duration":835000000,"status":"passed"},"match":{"location":"com.aarong.hooks.Hooks.tearDown()"}}],"type":"scenario","keyword":"Scenario","steps":[{"result":{"duration":187000000,"status":"passed"},"line":4,"name":"User open the drop down and able to select shopping country","match":{"location":"com.aarong.stepDeffination.RandomClickSteps.user_open_the_drop_down_and_able_to_select_shopping_country()"},"keyword":"When "},{"result":{"error_message":"org.openqa.selenium.NoSuchWindowException: no such window: target window already closed\nfrom unknown error: web view not found\n  (Session info: chrome=108.0.5359.99)\nBuild info: version: '3.141.59', revision: 'e82be7d358', time: '2018-11-14T08:17:03'\nSystem info: host: 'RASELPC', ip: '192.168.1.148', os.name: 'Windows 11', os.arch: 'amd64', os.version: '10.0', java.version: '1.8.0_333'\nDriver info: org.openqa.selenium.chrome.ChromeDriver\nCapabilities {acceptInsecureCerts: false, browserName: chrome, browserVersion: 108.0.5359.99, chrome: {chromedriverVersion: 108.0.5359.71 (1e0e3868ee06..., userDataDir: C:\\Users\\abusa\\AppData\\Loca...}, goog:chromeOptions: {debuggerAddress: localhost:61628}, javascriptEnabled: true, networkConnectionEnabled: false, pageLoadStrategy: normal, platform: WINDOWS, platformName: WINDOWS, proxy: Proxy(), setWindowRect: true, strictFileInteractability: false, timeouts: {implicit: 0, pageLoad: 300000, script: 30000}, unhandledPromptBehavior: dismiss and notify, webauthn:extension:credBlob: true, webauthn:extension:largeBlob: true, webauthn:virtualAuthenticators: true}\nSession ID: 1f283950b9c3b89b2105f0cff0e7446b\n*** Element info: {Using=link text, value=USA}\r\n\tat sun.reflect.NativeConstructorAccessorImpl.newInstance0(Native Method)\r\n\tat sun.reflect.NativeConstructorAccessorImpl.newInstance(NativeConstructorAccessorImpl.java:62)\r\n\tat sun.reflect.DelegatingConstructorAccessorImpl.newInstance(DelegatingConstructorAccessorImpl.java:45)\r\n\tat java.lang.reflect.Constructor.newInstance(Constructor.java:423)\r\n\tat org.openqa.selenium.remote.http.W3CHttpResponseCodec.createException(W3CHttpResponseCodec.java:187)\r\n\tat org.openqa.selenium.remote.http.W3CHttpResponseCodec.decode(W3CHttpResponseCodec.java:122)\r\n\tat org.openqa.selenium.remote.http.W3CHttpResponseCodec.decode(W3CHttpResponseCodec.java:49)\r\n\tat org.openqa.selenium.remote.HttpCommandExecutor.execute(HttpCommandExecutor.java:158)\r\n\tat org.openqa.selenium.remote.service.DriverCommandExecutor.execute(DriverCommandExecutor.java:83)\r\n\tat org.openqa.selenium.remote.RemoteWebDriver.execute(RemoteWebDriver.java:552)\r\n\tat org.openqa.selenium.remote.RemoteWebDriver.findElement(RemoteWebDriver.java:323)\r\n\tat org.openqa.selenium.remote.RemoteWebDriver.findElementByLinkText(RemoteWebDriver.java:380)\r\n\tat org.openqa.selenium.By$ByLinkText.findElement(By.java:220)\r\n\tat org.openqa.selenium.remote.RemoteWebDriver.findElement(RemoteWebDriver.java:315)\r\n\tat com.aarong.stepDeffination.RandomClickSteps.user_will_see_the_shopping_home_page(RandomClickSteps.java:25)\r\n\tat âœ½.User will see the shopping home page(file:///C:/Users/abusa/eclipse-workspace/aarong_Automation_Project/Feature/randomclick.feature:5)\r\n","duration":5031000000,"status":"failed"},"line":5,"name":"User will see the shopping home page","match":{"location":"com.aarong.stepDeffination.RandomClickSteps.user_will_see_the_shopping_home_page()"},"keyword":"Then "}]},{"start_timestamp":"2022-12-14T04:11:50.212Z","before":[{"result":{"error_message":"org.openqa.selenium.NoSuchWindowException: no such window: target window already closed\nfrom unknown error: web view not found\n  (Session info: chrome=108.0.5359.99)\nBuild info: version: '3.141.59', revision: 'e82be7d358', time: '2018-11-14T08:17:03'\nSystem info: host: 'RASELPC', ip: '192.168.1.148', os.name: 'Windows 11', os.arch: 'amd64', os.version: '10.0', java.version: '1.8.0_333'\nDriver info: org.openqa.selenium.chrome.ChromeDriver\nCapabilities {acceptInsecureCerts: false, browserName: chrome, browserVersion: 108.0.5359.99, chrome: {chromedriverVersion: 108.0.5359.71 (1e0e3868ee06..., userDataDir: C:\\Users\\abusa\\AppData\\Loca...}, goog:chromeOptions: {debuggerAddress: localhost:61671}, javascriptEnabled: true, networkConnectionEnabled: false, pageLoadStrategy: normal, platform: WINDOWS, platformName: WINDOWS, proxy: Proxy(), setWindowRect: true, strictFileInteractability: false, timeouts: {implicit: 0, pageLoad: 300000, script: 30000}, unhandledPromptBehavior: dismiss and notify, webauthn:extension:credBlob: true, webauthn:extension:largeBlob: true, webauthn:virtualAuthenticators: true}\nSession ID: 00ff82fc5a9d59a07b57fab9cc5238f8\r\n\tat sun.reflect.NativeConstructorAccessorImpl.newInstance0(Native Method)\r\n\tat sun.reflect.NativeConstructorAccessorImpl.newInstance(NativeConstructorAccessorImpl.java:62)\r\n\tat sun.reflect.DelegatingConstructorAccessorImpl.newInstance(DelegatingConstructorAccessorImpl.java:45)\r\n\tat java.lang.reflect.Constructor.newInstance(Constructor.java:423)\r\n\tat org.openqa.selenium.remote.http.W3CHttpResponseCodec.createException(W3CHttpResponseCodec.java:187)\r\n\tat org.openqa.selenium.remote.http.W3CHttpResponseCodec.decode(W3CHttpResponseCodec.java:122)\r\n\tat org.openqa.selenium.remote.http.W3CHttpResponseCodec.decode(W3CHttpResponseCodec.java:49)\r\n\tat org.openqa.selenium.remote.HttpCommandExecutor.execute(HttpCommandExecutor.java:158)\r\n\tat org.openqa.selenium.remote.service.DriverCommandExecutor.execute(DriverCommandExecutor.java:83)\r\n\tat org.openqa.selenium.remote.RemoteWebDriver.execute(RemoteWebDriver.java:552)\r\n\tat org.openqa.selenium.remote.RemoteWebDriver.get(RemoteWebDriver.java:277)\r\n\tat com.aarong.BaseC.Base.setUp(Base.java:25)\r\n\tat com.aarong.hooks.Hooks.initialize(Hooks.java:11)\r\n","duration":3340000000,"status":"failed"},"match":{"location":"com.aarong.hooks.Hooks.initialize()"}}],"line":7,"name":"User click on the find store","description":"","id":"user-is-able-to-clicks;user-click-on-the-find-store","after":[{"result":{"duration":919000000,"status":"passed"},"match":{"location":"com.aarong.hooks.Hooks.tearDown()"}}],"type":"scenario","keyword":"Scenario","steps":[{"result":{"status":"skipped"},"line":8,"name":"User click on the find store button","match":{"location":"com.aarong.stepDeffination.RandomClickSteps.user_click_on_the_find_store_button()"},"keyword":"When "},{"result":{"status":"skipped"},"line":9,"name":"User type the store location","match":{"location":"com.aarong.stepDeffination.RandomClickSteps.user_type_the_store_location()"},"keyword":"Then "}]}],"name":"User is able to clicks","description":"","id":"user-is-able-to-clicks","keyword":"Feature","uri":"file:Feature/randomclick.feature","tags":[]}]