<?xml version="1.0" encoding="UTF-8"?>
<!-- Generated by org.testng.reporters.JUnitXMLReporter -->
<testsuite hostname="RaselPC" ignored="0" name="Default test(failed)" tests="1" failures="1" timestamp="01 Dec 2022 04:00:54 GMT" time="16.691" errors="0">
  <testcase name="runScenario" time="15.642" classname="io.cucumber.testng.AbstractTestNGCucumberTests">
    <failure type="java.lang.AssertionError" message="expected [true] but found [false]">
      <![CDATA[java.lang.AssertionError: expected [true] but found [false]
at com.aarong.stepDeffination.StepDef.user_should_be_able_to_see_username(StepDef.java:69)
at âœ½.User should be able to see username(file:///C:/Users/abusa/eclipse-workspace/aarong_Automation_Project/Feature/login.feature:11)
... Removed 4 stack frames]]>
    </failure>
  </testcase> <!-- runScenario -->
</testsuite> <!-- Default test(failed) -->
